Arguments: 
  /opt/homebrew/Cellar/node/19.8.1/bin/node /opt/homebrew/Cellar/yarn/1.22.19/libexec/bin/yarn.js install

PATH: 
  /opt/homebrew/opt/openjdk@11/bin:/Users/arczhh/.jenv/shims:/Users/arczhh/.jenv/bin:/opt/homebrew/opt/mongodb-community@5.0/bin:/Users/arczhh/.pyenv/shims:/opt/homebrew/opt/openjdk@11/bin:/opt/homebrew/opt/openjdk/bin:/opt/homebrew/bin:/opt/homebrew/sbin:/usr/local/bin:/System/Cryptexes/App/usr/bin:/usr/bin:/bin:/usr/sbin:/sbin:/Applications/VMware Fusion Tech Preview.app/Contents/Public:/Library/Apple/usr/bin:/opt/homebrew/opt/openjdk@11/bin:/Users/arczhh/.jenv/shims:/Users/arczhh/.jenv/bin:/opt/homebrew/opt/mongodb-community@5.0/bin:/Users/arczhh/opt/anaconda3/condabin:/opt/homebrew/opt/openjdk/bin:/opt/homebrew/bin:/opt/homebrew/sbin

Yarn version: 
  1.22.19

Node version: 
  19.8.1

Platform: 
  darwin arm64

Trace: 
  Error: EEXIST: file already exists, mkdir '/Users/arczhh/Documents/Projects/pos-app/pos-app-api/node_modules/knex/node_modules'

npm manifest: 
  {
    "name": "fatcatbook-backend",
    "version": "1.0.0",
    "description": "",
    "main": "index.js",
    "scripts": {
      "test": "echo \"Error: no test specified\" && exit 1",
      "nodemon": "nodemon index.js"
    },
    "dependencies": {
      "babel-cli": "^6.26.0",
      "babel-plugin-transform-runtime": "^6.8.0",
      "babel-preset-es2015": "^6.6.0",
      "babel-preset-stage-0": "^6.5.0",
      "babel-runtime": "^6.6.1",
      "bcrypt": "^5.0.1",
      "bcryptjs": "^2.4.3",
      "bluebird": "^3.7.2",
      "body-parser": "^1.19.0",
      "config": "^3.3.2",
      "cookie-session": "^1.3.3",
      "cors": "^2.8.5",
      "crypto-js": "^4.0.0",
      "csp-hash-generator": "^0.0.3",
      "dayjs": "^1.9.6",
      "dotenv": "^8.2.0",
      "excel4node": "^1.7.2",
      "express": "^4.17.1",
      "express-rate-limit": "^5.1.3",
      "express-validator": "^6.6.1",
      "fs": "0.0.1-security",
      "i": "^0.3.6",
      "jsonwebtoken": "^8.5.1",
      "knex": "^0.20.15",
      "ml-knn": "^3.0.0",
      "moment": "^2.29.1",
      "moment-timezone": "^0.5.31",
      "morgan": "^1.10.0",
      "mqtt": "^4.2.6",
      "multer": "^1.4.2",
      "mysql": "^2.18.1",
      "node-fetch": "^2.6.1",
      "nodemailer": "^6.4.14",
      "npm": "^7.6.1",
      "open": "^7.4.2",
      "pdfkit": "^0.11.0",
      "randomstring": "^1.1.5",
      "request": "^2.88.2",
      "sqlite3": "^4.2.0",
      "tesseract.js": "^2.1.4",
      "thai-baht-text": "^1.0.8",
      "winston": "^3.3.3"
    },
    "author": "",
    "license": "ISC"
  }

yarn manifest: 
  No manifest

Lockfile: 
  No lockfile
